C51 COMPILER V9.54   ESP8266                                                               10/13/2022 19:41:36 PAGE 1   


C51 COMPILER V9.54, COMPILATION OF MODULE ESP8266
OBJECT MODULE PLACED IN .\Objects\ESP8266.obj
COMPILER INVOKED BY: D:\keil\C51\BIN\C51.EXE ESP8266.c OPTIMIZE(8,SPEED) BROWSE DEBUG OBJECTEXTEND PRINT(.\Listings\ESP8
                    -266.lst) OBJECT(.\Objects\ESP8266.obj)

line level    source

   1          #include <REGX51.H>
   2          #include <string.h>
   3          #include "uart.h"
   4          #include "string.h"
   5          #include "delay.h"
   6          unsigned char Recive_table[21];
   7          void Esp8266_Init(void)
   8          {
   9   1              
  10   1              delay(1000);
  11   1      //      Uart_SendCmd("\r\n");
  12   1      //      Uart_SendCmd("AT+UART=9600,8,1,0,0");
  13   1      //      delay(1000);
  14   1      //      Uart_SendCmd("AT+CWMODE=3");
  15   1      //      delay(1000);
  16   1      //      P2_0=0;
  17   1      ////    Uart_SendCmd("AT+CWSAP=\"ESP8266\",\"12345678\",11,3");
  18   1      ////    Uart_SendCmd("AT+CIPMUX=1");
  19   1      //      Uart_SendCmd("AT+CWJAP=\"HFUU\",\"\"");
  20   1      //      delay(3000);
  21   1      //      P2_1=0;
  22   1      //      Uart_SendCmd("AT+CIPSTART=\"TCP\",\"192.168.0.103\",8080");
  23   1              Uart_SendCmd("AT+CIPSTART=\"TCP\",\"192.168.100.36\",80");
  24   1      //      delay(3000);
  25   1              P2_2=0;
  26   1              Uart_SendCmd("AT+CIPMODE=1");
  27   1      //      delay(3000);
  28   1              P2_3=0;
  29   1              Uart_SendCmd("AT+CIPSEND");
  30   1      //      delay(3000);
  31   1              P2_4=0;
  32   1              Uart_SendCmd("GET");
  33   1              delay(1000);
  34   1              P2_5=0;
  35   1              
  36   1      //      Uart_SendStr("+++");
  37   1      //      delay(3000);
  38   1      //      P2_6=0;
  39   1              ////    delay(3000);
  40   1      //      Uart_SendCmd("AT+CIPSERVER=1,8080");
  41   1      ////    Uart_SendStr("AT+CWQAP\r\n");
  42   1      ////    delay(1000);
  43   1      
  44   1      
  45   1      }


MODULE INFORMATION:   STATIC OVERLAYABLE
   CODE SIZE        =     59    ----
   CONSTANT SIZE    =     66    ----
   XDATA SIZE       =   ----    ----
   PDATA SIZE       =   ----    ----
   DATA SIZE        =     21    ----
   IDATA SIZE       =   ----    ----
C51 COMPILER V9.54   ESP8266                                                               10/13/2022 19:41:36 PAGE 2   

   BIT SIZE         =   ----    ----
END OF MODULE INFORMATION.


C51 COMPILATION COMPLETE.  0 WARNING(S),  0 ERROR(S)
