C51 COMPILER V9.54   MAIN                                                                  10/14/2022 19:14:48 PAGE 1   


C51 COMPILER V9.54, COMPILATION OF MODULE MAIN
OBJECT MODULE PLACED IN .\Objects\main.obj
COMPILER INVOKED BY: D:\keil\C51\BIN\C51.EXE main.c OPTIMIZE(8,SPEED) BROWSE DEBUG OBJECTEXTEND PRINT(.\Listings\main.ls
                    -t) OBJECT(.\Objects\main.obj)

line level    source

   1          #include <REGX52.H>
   2          #include "esp8266.h"
   3          #include "oled.h"
   4          #include "DS1302.h"
   5          #include "uart.h"
   6          #include "delay.h"
   7          
   8          void main()
   9          {
  10   1              unsigned int flag=1;//ç”¨ä½œé˜²ä¸€ç§’å†…å¤šæ¬¡è¿›å…¥çš„åˆ¤æ–­ä½
  11   1              Uart_Init();
  12   1              Esp8266_Init();
  13   1              DS1302_Init();
  14   1              DS1302_SetTime();
  15   1              OLED_init();
  16   1              OLED_clear();
  17   1              while(1)
  18   1              {
  19   2      //å¦‚æœéœ€è¦ç”¨oledæ˜¾ç¤ºçš„è¯è¯·å°†sclè¿åœ¨P0_7,sdaè¿åœ¨P0_6
  20   2                      EA=0;
  21   2                      DS1302_ReadTime();//è¯»å–æ—¶é—´
  22   2                      OLED_ShowNum(2,1,DS1302_Time[3]);//æ˜¾ç¤ºæ—¶
  23   2                      OLED_print_char(2,3,':',0);
  24   2                      OLED_ShowNum(2,4,DS1302_Time[4]);//æ˜¾ç¤ºåˆ†
  25   2                      OLED_print_char(2,6,':',0);
  26   2                      OLED_ShowNum(2,7,DS1302_Time[5]);//æ˜¾ç¤ºç§’
  27   2      //              flag=1;
  28   2                      if((DS1302_Time[5]==0||DS1302_Time[4]==0||DS1302_Time[3]==0)&&DS1302_Time[5]==0)//æ­¤å¤„&&é¿å…å› ä¸ºå°
             -æ—¶çš„å½’é›¶å¯¼è‡´ä¸€ä¸ªå°æ—¶çš„å±å¹•æ¸…ç†
  29   2                      {
  30   3                              OLED_clear();
  31   3                              delay(1000);
  32   3                      }
  33   2                      if((DS1302_Time[3]%12==0) && (DS1302_Time[5]==0)&&(DS1302_Time[4]==0))
  34   2                      {
  35   3                              IAP_CONTR=0x20;//è½¯ä»¶å¤ä½å¯„å­˜å™¨
  36   3                      }
  37   2                      if((DS1302_Time[3]==6) &&(DS1302_Time[4]==6)&& (DS1302_Time[5]==6))
  38   2                      {
  39   3                              P2_0=0;
  40   3                              delay(500);
  41   3                              P2_0=1;
  42   3                              delay(500);
  43   3                      }else{flag=1;}//ç¡®ä¿flagå¤„äºè§¦å‘çŠ¶æ€
  44   2                      OLED_print_char(0,1,Recive_table[4],0);
  45   2                      OLED_print_char(0,2,Recive_table[5],0);
  46   2                      OLED_print_char(0,3,Recive_table[6],0);
  47   2                      OLED_print_char(0,4,Recive_table[7],0);
  48   2                      OLED_print_char(0,5,Recive_table[8],0);
  49   2                      OLED_print_char(1,1,Recive_table[9],0);
  50   2                      OLED_print_char(1,2,Recive_table[10],0);
  51   2                      OLED_print_char(1,3,Recive_table[11],0);
  52   2                      OLED_print_char(1,4,Recive_table[12],0);
  53   2                      OLED_print_char(1,5,Recive_table[13],0);
C51 COMPILER V9.54   MAIN                                                                  10/14/2022 19:14:48 PAGE 2   

  54   2      
  55   2      
  56   2      //              OLED_clear();
  57   2                      
  58   2              }
  59   1      }
  60          
  61          void UART_Routine(void) interrupt 4
  62          {
  63   1      static  unsigned char i=0;
  64   1      static  unsigned char flag=0;
  65   1              P2=0xff;
  66   1              if(RI==1)
  67   1              {
  68   2                      RI = 0;
  69   2                      if(i<21)
  70   2                      {
  71   3                              if(SBUF=='O'){flag=1;}
  72   3                              else if(SBUF=='T'){flag=0;}
  73   3                              if(flag==1){Recive_table[i++] = SBUF;}
  74   3                      }
  75   2                      
  76   2              }
  77   1      } 


MODULE INFORMATION:   STATIC OVERLAYABLE
   CODE SIZE        =    363    ----
   CONSTANT SIZE    =   ----    ----
   XDATA SIZE       =   ----    ----
   PDATA SIZE       =   ----    ----
   DATA SIZE        =      2       2
   IDATA SIZE       =   ----    ----
   BIT SIZE         =   ----    ----
END OF MODULE INFORMATION.


C51 COMPILATION COMPLETE.  0 WARNING(S),  0 ERROR(S)
